Analysis & Synthesis report for VGA_IP
Sun May 02 01:46:25 2021
Quartus Prime Version 18.1.0 Build 625 09/12/2018 SJ Lite Edition


---------------------
; Table of Contents ;
---------------------
  1. Legal Notice
  2. Analysis & Synthesis Summary
  3. Analysis & Synthesis Settings
  4. Parallel Compilation
  5. Analysis & Synthesis Source Files Read
  6. Analysis & Synthesis Resource Usage Summary
  7. Analysis & Synthesis Resource Utilization by Entity
  8. Analysis & Synthesis RAM Summary
  9. General Register Statistics
 10. Registers Packed Into Inferred Megafunctions
 11. Source assignments for DP_RAM:inst_DPRAM|altsyncram:ram_rtl_0|altsyncram_ckc1:auto_generated
 12. Parameter Settings for Inferred Entity Instance: DP_RAM:inst_DPRAM|altsyncram:ram_rtl_0
 13. altsyncram Parameter Settings by Entity Instance
 14. Port Connectivity Checks: "VGA_Controller:inst_controller"
 15. Post-Synthesis Netlist Statistics for Top Partition
 16. Elapsed Time Per Partition
 17. Analysis & Synthesis Messages



----------------
; Legal Notice ;
----------------
Copyright (C) 2018  Intel Corporation. All rights reserved.
Your use of Intel Corporation's design tools, logic functions 
and other software and tools, and its AMPP partner logic 
functions, and any output files from any of the foregoing 
(including device programming or simulation files), and any 
associated documentation or information are expressly subject 
to the terms and conditions of the Intel Program License 
Subscription Agreement, the Intel Quartus Prime License Agreement,
the Intel FPGA IP License Agreement, or other applicable license
agreement, including, without limitation, that your use is for
the sole purpose of programming logic devices manufactured by
Intel and sold by Intel or its authorized distributors.  Please
refer to the applicable agreement for further details.



+----------------------------------------------------------------------------------+
; Analysis & Synthesis Summary                                                     ;
+------------------------------------+---------------------------------------------+
; Analysis & Synthesis Status        ; Successful - Sun May 02 01:46:25 2021       ;
; Quartus Prime Version              ; 18.1.0 Build 625 09/12/2018 SJ Lite Edition ;
; Revision Name                      ; VGA_IP                                      ;
; Top-level Entity Name              ; VGA_IP                                      ;
; Family                             ; MAX 10                                      ;
; Total logic elements               ; 140                                         ;
;     Total combinational functions  ; 137                                         ;
;     Dedicated logic registers      ; 28                                          ;
; Total registers                    ; 28                                          ;
; Total pins                         ; 101                                         ;
; Total virtual pins                 ; 0                                           ;
; Total memory bits                  ; 230,400                                     ;
; Embedded Multiplier 9-bit elements ; 0                                           ;
; Total PLLs                         ; 0                                           ;
; UFM blocks                         ; 0                                           ;
; ADC blocks                         ; 0                                           ;
+------------------------------------+---------------------------------------------+


+------------------------------------------------------------------------------------------------------------+
; Analysis & Synthesis Settings                                                                              ;
+------------------------------------------------------------------+--------------------+--------------------+
; Option                                                           ; Setting            ; Default Value      ;
+------------------------------------------------------------------+--------------------+--------------------+
; Device                                                           ; 10M50DAF484C7G     ;                    ;
; Top-level entity name                                            ; VGA_IP             ; VGA_IP             ;
; Family name                                                      ; MAX 10             ; Cyclone V          ;
; VHDL Show LMF Mapping Messages                                   ; Off                ;                    ;
; VHDL Version                                                     ; VHDL_2008          ; VHDL_1993          ;
; Use smart compilation                                            ; Off                ; Off                ;
; Enable parallel Assembler and Timing Analyzer during compilation ; On                 ; On                 ;
; Enable compact report table                                      ; Off                ; Off                ;
; Restructure Multiplexers                                         ; Auto               ; Auto               ;
; Create Debugging Nodes for IP Cores                              ; Off                ; Off                ;
; Preserve fewer node names                                        ; On                 ; On                 ;
; Intel FPGA IP Evaluation Mode                                    ; Enable             ; Enable             ;
; Verilog Version                                                  ; Verilog_2001       ; Verilog_2001       ;
; State Machine Processing                                         ; Auto               ; Auto               ;
; Safe State Machine                                               ; Off                ; Off                ;
; Extract Verilog State Machines                                   ; On                 ; On                 ;
; Extract VHDL State Machines                                      ; On                 ; On                 ;
; Ignore Verilog initial constructs                                ; Off                ; Off                ;
; Iteration limit for constant Verilog loops                       ; 5000               ; 5000               ;
; Iteration limit for non-constant Verilog loops                   ; 250                ; 250                ;
; Add Pass-Through Logic to Inferred RAMs                          ; On                 ; On                 ;
; Infer RAMs from Raw Logic                                        ; On                 ; On                 ;
; Parallel Synthesis                                               ; On                 ; On                 ;
; DSP Block Balancing                                              ; Auto               ; Auto               ;
; NOT Gate Push-Back                                               ; On                 ; On                 ;
; Power-Up Don't Care                                              ; On                 ; On                 ;
; Remove Redundant Logic Cells                                     ; Off                ; Off                ;
; Remove Duplicate Registers                                       ; On                 ; On                 ;
; Ignore CARRY Buffers                                             ; Off                ; Off                ;
; Ignore CASCADE Buffers                                           ; Off                ; Off                ;
; Ignore GLOBAL Buffers                                            ; Off                ; Off                ;
; Ignore ROW GLOBAL Buffers                                        ; Off                ; Off                ;
; Ignore LCELL Buffers                                             ; Off                ; Off                ;
; Ignore SOFT Buffers                                              ; On                 ; On                 ;
; Limit AHDL Integers to 32 Bits                                   ; Off                ; Off                ;
; Optimization Technique                                           ; Balanced           ; Balanced           ;
; Carry Chain Length                                               ; 70                 ; 70                 ;
; Auto Carry Chains                                                ; On                 ; On                 ;
; Auto Open-Drain Pins                                             ; On                 ; On                 ;
; Perform WYSIWYG Primitive Resynthesis                            ; Off                ; Off                ;
; Auto ROM Replacement                                             ; On                 ; On                 ;
; Auto RAM Replacement                                             ; On                 ; On                 ;
; Auto DSP Block Replacement                                       ; On                 ; On                 ;
; Auto Shift Register Replacement                                  ; Auto               ; Auto               ;
; Allow Shift Register Merging across Hierarchies                  ; Auto               ; Auto               ;
; Auto Clock Enable Replacement                                    ; On                 ; On                 ;
; Strict RAM Replacement                                           ; Off                ; Off                ;
; Allow Synchronous Control Signals                                ; On                 ; On                 ;
; Force Use of Synchronous Clear Signals                           ; Off                ; Off                ;
; Auto RAM Block Balancing                                         ; On                 ; On                 ;
; Auto RAM to Logic Cell Conversion                                ; Off                ; Off                ;
; Auto Resource Sharing                                            ; Off                ; Off                ;
; Allow Any RAM Size For Recognition                               ; Off                ; Off                ;
; Allow Any ROM Size For Recognition                               ; Off                ; Off                ;
; Allow Any Shift Register Size For Recognition                    ; Off                ; Off                ;
; Use LogicLock Constraints during Resource Balancing              ; On                 ; On                 ;
; Ignore translate_off and synthesis_off directives                ; Off                ; Off                ;
; Timing-Driven Synthesis                                          ; On                 ; On                 ;
; Report Parameter Settings                                        ; On                 ; On                 ;
; Report Source Assignments                                        ; On                 ; On                 ;
; Report Connectivity Checks                                       ; On                 ; On                 ;
; Ignore Maximum Fan-Out Assignments                               ; Off                ; Off                ;
; Synchronization Register Chain Length                            ; 2                  ; 2                  ;
; Power Optimization During Synthesis                              ; Normal compilation ; Normal compilation ;
; HDL message level                                                ; Level2             ; Level2             ;
; Suppress Register Optimization Related Messages                  ; Off                ; Off                ;
; Number of Removed Registers Reported in Synthesis Report         ; 5000               ; 5000               ;
; Number of Swept Nodes Reported in Synthesis Report               ; 5000               ; 5000               ;
; Number of Inverted Registers Reported in Synthesis Report        ; 100                ; 100                ;
; Clock MUX Protection                                             ; On                 ; On                 ;
; Auto Gated Clock Conversion                                      ; Off                ; Off                ;
; Block Design Naming                                              ; Auto               ; Auto               ;
; SDC constraint protection                                        ; Off                ; Off                ;
; Synthesis Effort                                                 ; Auto               ; Auto               ;
; Shift Register Replacement - Allow Asynchronous Clear Signal     ; On                 ; On                 ;
; Pre-Mapping Resynthesis Optimization                             ; Off                ; Off                ;
; Analysis & Synthesis Message Level                               ; Medium             ; Medium             ;
; Disable Register Merging Across Hierarchies                      ; Auto               ; Auto               ;
; Resource Aware Inference For Block RAM                           ; On                 ; On                 ;
+------------------------------------------------------------------+--------------------+--------------------+


+------------------------------------------+
; Parallel Compilation                     ;
+----------------------------+-------------+
; Processors                 ; Number      ;
+----------------------------+-------------+
; Number detected on machine ; 8           ;
; Maximum allowed            ; 4           ;
;                            ;             ;
; Average used               ; 1.00        ;
; Maximum used               ; 4           ;
;                            ;             ;
; Usage by Processor         ; % Time Used ;
;     Processor 1            ; 100.0%      ;
;     Processors 2-4         ;   0.0%      ;
+----------------------------+-------------+


+----------------------------------------------------------------------------------------------------------------------------------------------------------------------------+
; Analysis & Synthesis Source Files Read                                                                                                                                     ;
+----------------------------------+-----------------+------------------------------+------------------------------------------------------------------------------+---------+
; File Name with User-Entered Path ; Used in Netlist ; File Type                    ; File Name with Absolute Path                                                 ; Library ;
+----------------------------------+-----------------+------------------------------+------------------------------------------------------------------------------+---------+
; VGA_Controller.vhd               ; yes             ; User VHDL File               ; C:/Users/ashra/Documents/AGSTU/HW_SW/VGA_IP/VGA_Controller.vhd               ;         ;
; DP_RAM.vhd                       ; yes             ; User VHDL File               ; C:/Users/ashra/Documents/AGSTU/HW_SW/VGA_IP/DP_RAM.vhd                       ;         ;
; vga_ip.vhd                       ; yes             ; Auto-Found VHDL File         ; C:/Users/ashra/Documents/AGSTU/HW_SW/VGA_IP/vga_ip.vhd                       ;         ;
; altsyncram.tdf                   ; yes             ; Megafunction                 ; c:/intelfpga_lite/18.1/quartus/libraries/megafunctions/altsyncram.tdf        ;         ;
; stratix_ram_block.inc            ; yes             ; Megafunction                 ; c:/intelfpga_lite/18.1/quartus/libraries/megafunctions/stratix_ram_block.inc ;         ;
; lpm_mux.inc                      ; yes             ; Megafunction                 ; c:/intelfpga_lite/18.1/quartus/libraries/megafunctions/lpm_mux.inc           ;         ;
; lpm_decode.inc                   ; yes             ; Megafunction                 ; c:/intelfpga_lite/18.1/quartus/libraries/megafunctions/lpm_decode.inc        ;         ;
; aglobal181.inc                   ; yes             ; Megafunction                 ; c:/intelfpga_lite/18.1/quartus/libraries/megafunctions/aglobal181.inc        ;         ;
; a_rdenreg.inc                    ; yes             ; Megafunction                 ; c:/intelfpga_lite/18.1/quartus/libraries/megafunctions/a_rdenreg.inc         ;         ;
; altrom.inc                       ; yes             ; Megafunction                 ; c:/intelfpga_lite/18.1/quartus/libraries/megafunctions/altrom.inc            ;         ;
; altram.inc                       ; yes             ; Megafunction                 ; c:/intelfpga_lite/18.1/quartus/libraries/megafunctions/altram.inc            ;         ;
; altdpram.inc                     ; yes             ; Megafunction                 ; c:/intelfpga_lite/18.1/quartus/libraries/megafunctions/altdpram.inc          ;         ;
; db/altsyncram_ckc1.tdf           ; yes             ; Auto-Generated Megafunction  ; C:/Users/ashra/Documents/AGSTU/HW_SW/VGA_IP/db/altsyncram_ckc1.tdf           ;         ;
; db/decode_r8a.tdf                ; yes             ; Auto-Generated Megafunction  ; C:/Users/ashra/Documents/AGSTU/HW_SW/VGA_IP/db/decode_r8a.tdf                ;         ;
; db/decode_kk9.tdf                ; yes             ; Auto-Generated Megafunction  ; C:/Users/ashra/Documents/AGSTU/HW_SW/VGA_IP/db/decode_kk9.tdf                ;         ;
; db/mux_63b.tdf                   ; yes             ; Auto-Generated Megafunction  ; C:/Users/ashra/Documents/AGSTU/HW_SW/VGA_IP/db/mux_63b.tdf                   ;         ;
+----------------------------------+-----------------+------------------------------+------------------------------------------------------------------------------+---------+


+--------------------------------------------------------------+
; Analysis & Synthesis Resource Usage Summary                  ;
+---------------------------------------------+----------------+
; Resource                                    ; Usage          ;
+---------------------------------------------+----------------+
; Estimated Total logic elements              ; 140            ;
;                                             ;                ;
; Total combinational functions               ; 137            ;
; Logic element usage by number of LUT inputs ;                ;
;     -- 4 input functions                    ; 48             ;
;     -- 3 input functions                    ; 50             ;
;     -- <=2 input functions                  ; 39             ;
;                                             ;                ;
; Logic elements by mode                      ;                ;
;     -- normal mode                          ; 101            ;
;     -- arithmetic mode                      ; 36             ;
;                                             ;                ;
; Total registers                             ; 28             ;
;     -- Dedicated logic registers            ; 28             ;
;     -- I/O registers                        ; 0              ;
;                                             ;                ;
; I/O pins                                    ; 101            ;
; Total memory bits                           ; 230400         ;
;                                             ;                ;
; Embedded Multiplier 9-bit elements          ; 0              ;
;                                             ;                ;
; Maximum fan-out node                        ; clock_25~input ;
; Maximum fan-out                             ; 54             ;
; Total fan-out                               ; 1561           ;
; Average fan-out                             ; 3.93           ;
+---------------------------------------------+----------------+


+------------------------------------------------------------------------------------------------------------------------------------------------------------------------------------------------------------------------------------------------------------------------------------------------------------------------------------------+
; Analysis & Synthesis Resource Utilization by Entity                                                                                                                                                                                                                                                                                      ;
+-------------------------------------------+---------------------+---------------------------+-------------+------------+--------------+---------+-----------+------+--------------+------------+--------------------------------------------------------------------------------------------------------+-----------------+--------------+
; Compilation Hierarchy Node                ; Combinational ALUTs ; Dedicated Logic Registers ; Memory Bits ; UFM Blocks ; DSP Elements ; DSP 9x9 ; DSP 18x18 ; Pins ; Virtual Pins ; ADC blocks ; Full Hierarchy Name                                                                                    ; Entity Name     ; Library Name ;
+-------------------------------------------+---------------------+---------------------------+-------------+------------+--------------+---------+-----------+------+--------------+------------+--------------------------------------------------------------------------------------------------------+-----------------+--------------+
; |VGA_IP                                   ; 137 (1)             ; 28 (4)                    ; 230400      ; 0          ; 0            ; 0       ; 0         ; 101  ; 0            ; 0          ; |VGA_IP                                                                                                ; VGA_IP          ; work         ;
;    |DP_RAM:inst_DPRAM|                    ; 50 (0)              ; 4 (0)                     ; 230400      ; 0          ; 0            ; 0       ; 0         ; 0    ; 0            ; 0          ; |VGA_IP|DP_RAM:inst_DPRAM                                                                              ; DP_RAM          ; work         ;
;       |altsyncram:ram_rtl_0|              ; 50 (0)              ; 4 (0)                     ; 230400      ; 0          ; 0            ; 0       ; 0         ; 0    ; 0            ; 0          ; |VGA_IP|DP_RAM:inst_DPRAM|altsyncram:ram_rtl_0                                                         ; altsyncram      ; work         ;
;          |altsyncram_ckc1:auto_generated| ; 50 (0)              ; 4 (4)                     ; 230400      ; 0          ; 0            ; 0       ; 0         ; 0    ; 0            ; 0          ; |VGA_IP|DP_RAM:inst_DPRAM|altsyncram:ram_rtl_0|altsyncram_ckc1:auto_generated                          ; altsyncram_ckc1 ; work         ;
;             |decode_kk9:rden_decode_b|    ; 12 (12)             ; 0 (0)                     ; 0           ; 0          ; 0            ; 0       ; 0         ; 0    ; 0            ; 0          ; |VGA_IP|DP_RAM:inst_DPRAM|altsyncram:ram_rtl_0|altsyncram_ckc1:auto_generated|decode_kk9:rden_decode_b ; decode_kk9      ; work         ;
;             |decode_r8a:decode2|          ; 13 (13)             ; 0 (0)                     ; 0           ; 0          ; 0            ; 0       ; 0         ; 0    ; 0            ; 0          ; |VGA_IP|DP_RAM:inst_DPRAM|altsyncram:ram_rtl_0|altsyncram_ckc1:auto_generated|decode_r8a:decode2       ; decode_r8a      ; work         ;
;             |mux_63b:mux3|                ; 25 (25)             ; 0 (0)                     ; 0           ; 0          ; 0            ; 0       ; 0         ; 0    ; 0            ; 0          ; |VGA_IP|DP_RAM:inst_DPRAM|altsyncram:ram_rtl_0|altsyncram_ckc1:auto_generated|mux_63b:mux3             ; mux_63b         ; work         ;
;    |VGA_Controller:inst_controller|       ; 86 (86)             ; 20 (20)                   ; 0           ; 0          ; 0            ; 0       ; 0         ; 0    ; 0            ; 0          ; |VGA_IP|VGA_Controller:inst_controller                                                                 ; VGA_Controller  ; work         ;
+-------------------------------------------+---------------------+---------------------------+-------------+------------+--------------+---------+-----------+------+--------------+------------+--------------------------------------------------------------------------------------------------------+-----------------+--------------+
Note: For table entries with two numbers listed, the numbers in parentheses indicate the number of resources of the given type used by the specific entity alone. The numbers listed outside of parentheses indicate the total resources of the given type used by the specific entity and all of its sub-entities in the hierarchy.


+----------------------------------------------------------------------------------------------------------------------------------------------------------------------------------------+
; Analysis & Synthesis RAM Summary                                                                                                                                                       ;
+----------------------------------------------------------------------------------+------+------------------+--------------+--------------+--------------+--------------+--------+------+
; Name                                                                             ; Type ; Mode             ; Port A Depth ; Port A Width ; Port B Depth ; Port B Width ; Size   ; MIF  ;
+----------------------------------------------------------------------------------+------+------------------+--------------+--------------+--------------+--------------+--------+------+
; DP_RAM:inst_DPRAM|altsyncram:ram_rtl_0|altsyncram_ckc1:auto_generated|ALTSYNCRAM ; AUTO ; Simple Dual Port ; 76800        ; 3            ; 76800        ; 3            ; 230400 ; None ;
+----------------------------------------------------------------------------------+------+------------------+--------------+--------------+--------------+--------------+--------+------+


+------------------------------------------------------+
; General Register Statistics                          ;
+----------------------------------------------+-------+
; Statistic                                    ; Value ;
+----------------------------------------------+-------+
; Total registers                              ; 28    ;
; Number of registers using Synchronous Clear  ; 10    ;
; Number of registers using Synchronous Load   ; 0     ;
; Number of registers using Asynchronous Clear ; 23    ;
; Number of registers using Asynchronous Load  ; 0     ;
; Number of registers using Clock Enable       ; 14    ;
; Number of registers using Preset             ; 0     ;
+----------------------------------------------+-------+


+------------------------------------------------------------------+
; Registers Packed Into Inferred Megafunctions                     ;
+-----------------------------+-----------------------------+------+
; Register Name               ; Megafunction                ; Type ;
+-----------------------------+-----------------------------+------+
; DP_RAM:inst_DPRAM|q_a[0..2] ; DP_RAM:inst_DPRAM|ram_rtl_0 ; RAM  ;
+-----------------------------+-----------------------------+------+


+----------------------------------------------------------------------------------------------+
; Source assignments for DP_RAM:inst_DPRAM|altsyncram:ram_rtl_0|altsyncram_ckc1:auto_generated ;
+---------------------------------+--------------------+------+--------------------------------+
; Assignment                      ; Value              ; From ; To                             ;
+---------------------------------+--------------------+------+--------------------------------+
; OPTIMIZE_POWER_DURING_SYNTHESIS ; NORMAL_COMPILATION ; -    ; -                              ;
+---------------------------------+--------------------+------+--------------------------------+


+-----------------------------------------------------------------------------------------+
; Parameter Settings for Inferred Entity Instance: DP_RAM:inst_DPRAM|altsyncram:ram_rtl_0 ;
+------------------------------------+----------------------+-----------------------------+
; Parameter Name                     ; Value                ; Type                        ;
+------------------------------------+----------------------+-----------------------------+
; BYTE_SIZE_BLOCK                    ; 8                    ; Untyped                     ;
; AUTO_CARRY_CHAINS                  ; ON                   ; AUTO_CARRY                  ;
; IGNORE_CARRY_BUFFERS               ; OFF                  ; IGNORE_CARRY                ;
; AUTO_CASCADE_CHAINS                ; ON                   ; AUTO_CASCADE                ;
; IGNORE_CASCADE_BUFFERS             ; OFF                  ; IGNORE_CASCADE              ;
; WIDTH_BYTEENA                      ; 1                    ; Untyped                     ;
; OPERATION_MODE                     ; DUAL_PORT            ; Untyped                     ;
; WIDTH_A                            ; 3                    ; Untyped                     ;
; WIDTHAD_A                          ; 17                   ; Untyped                     ;
; NUMWORDS_A                         ; 76800                ; Untyped                     ;
; OUTDATA_REG_A                      ; UNREGISTERED         ; Untyped                     ;
; ADDRESS_ACLR_A                     ; NONE                 ; Untyped                     ;
; OUTDATA_ACLR_A                     ; NONE                 ; Untyped                     ;
; WRCONTROL_ACLR_A                   ; NONE                 ; Untyped                     ;
; INDATA_ACLR_A                      ; NONE                 ; Untyped                     ;
; BYTEENA_ACLR_A                     ; NONE                 ; Untyped                     ;
; WIDTH_B                            ; 3                    ; Untyped                     ;
; WIDTHAD_B                          ; 17                   ; Untyped                     ;
; NUMWORDS_B                         ; 76800                ; Untyped                     ;
; INDATA_REG_B                       ; CLOCK1               ; Untyped                     ;
; WRCONTROL_WRADDRESS_REG_B          ; CLOCK1               ; Untyped                     ;
; RDCONTROL_REG_B                    ; CLOCK1               ; Untyped                     ;
; ADDRESS_REG_B                      ; CLOCK1               ; Untyped                     ;
; OUTDATA_REG_B                      ; UNREGISTERED         ; Untyped                     ;
; BYTEENA_REG_B                      ; CLOCK1               ; Untyped                     ;
; INDATA_ACLR_B                      ; NONE                 ; Untyped                     ;
; WRCONTROL_ACLR_B                   ; NONE                 ; Untyped                     ;
; ADDRESS_ACLR_B                     ; NONE                 ; Untyped                     ;
; OUTDATA_ACLR_B                     ; NONE                 ; Untyped                     ;
; RDCONTROL_ACLR_B                   ; NONE                 ; Untyped                     ;
; BYTEENA_ACLR_B                     ; NONE                 ; Untyped                     ;
; WIDTH_BYTEENA_A                    ; 1                    ; Untyped                     ;
; WIDTH_BYTEENA_B                    ; 1                    ; Untyped                     ;
; RAM_BLOCK_TYPE                     ; AUTO                 ; Untyped                     ;
; BYTE_SIZE                          ; 8                    ; Untyped                     ;
; READ_DURING_WRITE_MODE_MIXED_PORTS ; DONT_CARE            ; Untyped                     ;
; READ_DURING_WRITE_MODE_PORT_A      ; NEW_DATA_NO_NBE_READ ; Untyped                     ;
; READ_DURING_WRITE_MODE_PORT_B      ; NEW_DATA_NO_NBE_READ ; Untyped                     ;
; INIT_FILE                          ; UNUSED               ; Untyped                     ;
; INIT_FILE_LAYOUT                   ; PORT_A               ; Untyped                     ;
; MAXIMUM_DEPTH                      ; 0                    ; Untyped                     ;
; CLOCK_ENABLE_INPUT_A               ; NORMAL               ; Untyped                     ;
; CLOCK_ENABLE_INPUT_B               ; NORMAL               ; Untyped                     ;
; CLOCK_ENABLE_OUTPUT_A              ; NORMAL               ; Untyped                     ;
; CLOCK_ENABLE_OUTPUT_B              ; NORMAL               ; Untyped                     ;
; CLOCK_ENABLE_CORE_A                ; USE_INPUT_CLKEN      ; Untyped                     ;
; CLOCK_ENABLE_CORE_B                ; USE_INPUT_CLKEN      ; Untyped                     ;
; ENABLE_ECC                         ; FALSE                ; Untyped                     ;
; ECC_PIPELINE_STAGE_ENABLED         ; FALSE                ; Untyped                     ;
; WIDTH_ECCSTATUS                    ; 3                    ; Untyped                     ;
; DEVICE_FAMILY                      ; MAX 10               ; Untyped                     ;
; CBXI_PARAMETER                     ; altsyncram_ckc1      ; Untyped                     ;
+------------------------------------+----------------------+-----------------------------+
Note: In order to hide this table in the UI and the text report file, please set the "Show Parameter Settings in Synthesis Report" option in "Analysis and Synthesis Settings -> More Settings" to "Off".


+------------------------------------------------------------------------------------+
; altsyncram Parameter Settings by Entity Instance                                   ;
+-------------------------------------------+----------------------------------------+
; Name                                      ; Value                                  ;
+-------------------------------------------+----------------------------------------+
; Number of entity instances                ; 1                                      ;
; Entity Instance                           ; DP_RAM:inst_DPRAM|altsyncram:ram_rtl_0 ;
;     -- OPERATION_MODE                     ; DUAL_PORT                              ;
;     -- WIDTH_A                            ; 3                                      ;
;     -- NUMWORDS_A                         ; 76800                                  ;
;     -- OUTDATA_REG_A                      ; UNREGISTERED                           ;
;     -- WIDTH_B                            ; 3                                      ;
;     -- NUMWORDS_B                         ; 76800                                  ;
;     -- ADDRESS_REG_B                      ; CLOCK1                                 ;
;     -- OUTDATA_REG_B                      ; UNREGISTERED                           ;
;     -- RAM_BLOCK_TYPE                     ; AUTO                                   ;
;     -- READ_DURING_WRITE_MODE_MIXED_PORTS ; DONT_CARE                              ;
+-------------------------------------------+----------------------------------------+


+------------------------------------------------------------------------------------------------------------------+
; Port Connectivity Checks: "VGA_Controller:inst_controller"                                                       ;
+--------+--------+----------+-------------------------------------------------------------------------------------+
; Port   ; Type   ; Severity ; Details                                                                             ;
+--------+--------+----------+-------------------------------------------------------------------------------------+
; vga_bl ; Output ; Info     ; Connected to dangling logic. Logic that only feeds a dangling port will be removed. ;
+--------+--------+----------+-------------------------------------------------------------------------------------+


+-----------------------------------------------------+
; Post-Synthesis Netlist Statistics for Top Partition ;
+-----------------------+-----------------------------+
; Type                  ; Count                       ;
+-----------------------+-----------------------------+
; boundary_port         ; 101                         ;
; cycloneiii_ff         ; 28                          ;
;     CLR SCLR          ; 10                          ;
;     ENA               ; 1                           ;
;     ENA CLR           ; 13                          ;
;     plain             ; 4                           ;
; cycloneiii_lcell_comb ; 138                         ;
;     arith             ; 36                          ;
;         2 data inputs ; 26                          ;
;         3 data inputs ; 10                          ;
;     normal            ; 102                         ;
;         0 data inputs ; 1                           ;
;         1 data inputs ; 4                           ;
;         2 data inputs ; 9                           ;
;         3 data inputs ; 40                          ;
;         4 data inputs ; 48                          ;
; cycloneiii_ram_block  ; 30                          ;
;                       ;                             ;
; Max LUT depth         ; 5.00                        ;
; Average LUT depth     ; 3.10                        ;
+-----------------------+-----------------------------+


+-------------------------------+
; Elapsed Time Per Partition    ;
+----------------+--------------+
; Partition Name ; Elapsed Time ;
+----------------+--------------+
; Top            ; 00:00:01     ;
+----------------+--------------+


+-------------------------------+
; Analysis & Synthesis Messages ;
+-------------------------------+
Info: *******************************************************************
Info: Running Quartus Prime Analysis & Synthesis
    Info: Version 18.1.0 Build 625 09/12/2018 SJ Lite Edition
    Info: Processing started: Sun May 02 01:46:14 2021
Info: Command: quartus_map --read_settings_files=on --write_settings_files=off VGA_IP -c VGA_IP
Warning (18236): Number of processors has not been specified which may cause overloading on shared machines.  Set the global assignment NUM_PARALLEL_PROCESSORS in your QSF to an appropriate value for best performance.
Info (20030): Parallel compilation is enabled and will use 4 of the 4 processors detected
Info (12021): Found 2 design units, including 1 entities, in source file vga_controller.vhd
    Info (12022): Found design unit 1: VGA_Controller-rtl File: C:/Users/ashra/Documents/AGSTU/HW_SW/VGA_IP/VGA_Controller.vhd Line: 56
    Info (12023): Found entity 1: VGA_Controller File: C:/Users/ashra/Documents/AGSTU/HW_SW/VGA_IP/VGA_Controller.vhd Line: 38
Info (12021): Found 2 design units, including 1 entities, in source file dp_ram.vhd
    Info (12022): Found design unit 1: DP_RAM-rtl File: C:/Users/ashra/Documents/AGSTU/HW_SW/VGA_IP/DP_RAM.vhd Line: 26
    Info (12023): Found entity 1: DP_RAM File: C:/Users/ashra/Documents/AGSTU/HW_SW/VGA_IP/DP_RAM.vhd Line: 6
Warning (12125): Using design file vga_ip.vhd, which is not specified as a design file for the current project, but contains definitions for 2 design units and 1 entities in project
    Info (12022): Found design unit 1: VGA_IP-rtl File: C:/Users/ashra/Documents/AGSTU/HW_SW/VGA_IP/vga_ip.vhd Line: 30
    Info (12023): Found entity 1: VGA_IP File: C:/Users/ashra/Documents/AGSTU/HW_SW/VGA_IP/vga_ip.vhd Line: 8
Info (12127): Elaborating entity "VGA_IP" for the top level hierarchy
Warning (10492): VHDL Process Statement warning at vga_ip.vhd(101): signal "s_data_reg" is read inside the Process Statement but isn't in the Process Statement's sensitivity list File: C:/Users/ashra/Documents/AGSTU/HW_SW/VGA_IP/vga_ip.vhd Line: 101
Info (12128): Elaborating entity "DP_RAM" for hierarchy "DP_RAM:inst_DPRAM" File: C:/Users/ashra/Documents/AGSTU/HW_SW/VGA_IP/vga_ip.vhd Line: 108
Info (12128): Elaborating entity "VGA_Controller" for hierarchy "VGA_Controller:inst_controller" File: C:/Users/ashra/Documents/AGSTU/HW_SW/VGA_IP/vga_ip.vhd Line: 121
Info (19000): Inferred 1 megafunctions from design logic
    Info (276029): Inferred altsyncram megafunction from the following design logic: "DP_RAM:inst_DPRAM|ram_rtl_0" 
        Info (286033): Parameter OPERATION_MODE set to DUAL_PORT
        Info (286033): Parameter WIDTH_A set to 3
        Info (286033): Parameter WIDTHAD_A set to 17
        Info (286033): Parameter NUMWORDS_A set to 76800
        Info (286033): Parameter WIDTH_B set to 3
        Info (286033): Parameter WIDTHAD_B set to 17
        Info (286033): Parameter NUMWORDS_B set to 76800
        Info (286033): Parameter ADDRESS_ACLR_A set to NONE
        Info (286033): Parameter OUTDATA_REG_B set to UNREGISTERED
        Info (286033): Parameter ADDRESS_ACLR_B set to NONE
        Info (286033): Parameter OUTDATA_ACLR_B set to NONE
        Info (286033): Parameter ADDRESS_REG_B set to CLOCK1
        Info (286033): Parameter INDATA_ACLR_A set to NONE
        Info (286033): Parameter WRCONTROL_ACLR_A set to NONE
Info (12130): Elaborated megafunction instantiation "DP_RAM:inst_DPRAM|altsyncram:ram_rtl_0"
Info (12133): Instantiated megafunction "DP_RAM:inst_DPRAM|altsyncram:ram_rtl_0" with the following parameter:
    Info (12134): Parameter "OPERATION_MODE" = "DUAL_PORT"
    Info (12134): Parameter "WIDTH_A" = "3"
    Info (12134): Parameter "WIDTHAD_A" = "17"
    Info (12134): Parameter "NUMWORDS_A" = "76800"
    Info (12134): Parameter "WIDTH_B" = "3"
    Info (12134): Parameter "WIDTHAD_B" = "17"
    Info (12134): Parameter "NUMWORDS_B" = "76800"
    Info (12134): Parameter "ADDRESS_ACLR_A" = "NONE"
    Info (12134): Parameter "OUTDATA_REG_B" = "UNREGISTERED"
    Info (12134): Parameter "ADDRESS_ACLR_B" = "NONE"
    Info (12134): Parameter "OUTDATA_ACLR_B" = "NONE"
    Info (12134): Parameter "ADDRESS_REG_B" = "CLOCK1"
    Info (12134): Parameter "INDATA_ACLR_A" = "NONE"
    Info (12134): Parameter "WRCONTROL_ACLR_A" = "NONE"
Info (12021): Found 1 design units, including 1 entities, in source file db/altsyncram_ckc1.tdf
    Info (12023): Found entity 1: altsyncram_ckc1 File: C:/Users/ashra/Documents/AGSTU/HW_SW/VGA_IP/db/altsyncram_ckc1.tdf Line: 33
Info (12021): Found 1 design units, including 1 entities, in source file db/decode_r8a.tdf
    Info (12023): Found entity 1: decode_r8a File: C:/Users/ashra/Documents/AGSTU/HW_SW/VGA_IP/db/decode_r8a.tdf Line: 22
Info (12021): Found 1 design units, including 1 entities, in source file db/decode_kk9.tdf
    Info (12023): Found entity 1: decode_kk9 File: C:/Users/ashra/Documents/AGSTU/HW_SW/VGA_IP/db/decode_kk9.tdf Line: 22
Info (12021): Found 1 design units, including 1 entities, in source file db/mux_63b.tdf
    Info (12023): Found entity 1: mux_63b File: C:/Users/ashra/Documents/AGSTU/HW_SW/VGA_IP/db/mux_63b.tdf Line: 22
Warning (13024): Output pins are stuck at VCC or GND
    Warning (13410): Pin "dout[3]" is stuck at GND File: C:/Users/ashra/Documents/AGSTU/HW_SW/VGA_IP/vga_ip.vhd Line: 19
    Warning (13410): Pin "dout[4]" is stuck at GND File: C:/Users/ashra/Documents/AGSTU/HW_SW/VGA_IP/vga_ip.vhd Line: 19
    Warning (13410): Pin "dout[5]" is stuck at GND File: C:/Users/ashra/Documents/AGSTU/HW_SW/VGA_IP/vga_ip.vhd Line: 19
    Warning (13410): Pin "dout[6]" is stuck at GND File: C:/Users/ashra/Documents/AGSTU/HW_SW/VGA_IP/vga_ip.vhd Line: 19
    Warning (13410): Pin "dout[7]" is stuck at GND File: C:/Users/ashra/Documents/AGSTU/HW_SW/VGA_IP/vga_ip.vhd Line: 19
    Warning (13410): Pin "dout[8]" is stuck at GND File: C:/Users/ashra/Documents/AGSTU/HW_SW/VGA_IP/vga_ip.vhd Line: 19
    Warning (13410): Pin "dout[9]" is stuck at GND File: C:/Users/ashra/Documents/AGSTU/HW_SW/VGA_IP/vga_ip.vhd Line: 19
    Warning (13410): Pin "dout[10]" is stuck at GND File: C:/Users/ashra/Documents/AGSTU/HW_SW/VGA_IP/vga_ip.vhd Line: 19
    Warning (13410): Pin "dout[11]" is stuck at GND File: C:/Users/ashra/Documents/AGSTU/HW_SW/VGA_IP/vga_ip.vhd Line: 19
    Warning (13410): Pin "dout[12]" is stuck at GND File: C:/Users/ashra/Documents/AGSTU/HW_SW/VGA_IP/vga_ip.vhd Line: 19
    Warning (13410): Pin "dout[13]" is stuck at GND File: C:/Users/ashra/Documents/AGSTU/HW_SW/VGA_IP/vga_ip.vhd Line: 19
    Warning (13410): Pin "dout[14]" is stuck at GND File: C:/Users/ashra/Documents/AGSTU/HW_SW/VGA_IP/vga_ip.vhd Line: 19
    Warning (13410): Pin "dout[15]" is stuck at GND File: C:/Users/ashra/Documents/AGSTU/HW_SW/VGA_IP/vga_ip.vhd Line: 19
    Warning (13410): Pin "dout[16]" is stuck at GND File: C:/Users/ashra/Documents/AGSTU/HW_SW/VGA_IP/vga_ip.vhd Line: 19
    Warning (13410): Pin "dout[17]" is stuck at GND File: C:/Users/ashra/Documents/AGSTU/HW_SW/VGA_IP/vga_ip.vhd Line: 19
    Warning (13410): Pin "dout[18]" is stuck at GND File: C:/Users/ashra/Documents/AGSTU/HW_SW/VGA_IP/vga_ip.vhd Line: 19
    Warning (13410): Pin "dout[19]" is stuck at GND File: C:/Users/ashra/Documents/AGSTU/HW_SW/VGA_IP/vga_ip.vhd Line: 19
    Warning (13410): Pin "dout[20]" is stuck at GND File: C:/Users/ashra/Documents/AGSTU/HW_SW/VGA_IP/vga_ip.vhd Line: 19
    Warning (13410): Pin "dout[21]" is stuck at GND File: C:/Users/ashra/Documents/AGSTU/HW_SW/VGA_IP/vga_ip.vhd Line: 19
    Warning (13410): Pin "dout[22]" is stuck at GND File: C:/Users/ashra/Documents/AGSTU/HW_SW/VGA_IP/vga_ip.vhd Line: 19
    Warning (13410): Pin "dout[23]" is stuck at GND File: C:/Users/ashra/Documents/AGSTU/HW_SW/VGA_IP/vga_ip.vhd Line: 19
    Warning (13410): Pin "dout[24]" is stuck at GND File: C:/Users/ashra/Documents/AGSTU/HW_SW/VGA_IP/vga_ip.vhd Line: 19
    Warning (13410): Pin "dout[25]" is stuck at GND File: C:/Users/ashra/Documents/AGSTU/HW_SW/VGA_IP/vga_ip.vhd Line: 19
    Warning (13410): Pin "dout[26]" is stuck at GND File: C:/Users/ashra/Documents/AGSTU/HW_SW/VGA_IP/vga_ip.vhd Line: 19
    Warning (13410): Pin "dout[27]" is stuck at GND File: C:/Users/ashra/Documents/AGSTU/HW_SW/VGA_IP/vga_ip.vhd Line: 19
    Warning (13410): Pin "dout[28]" is stuck at GND File: C:/Users/ashra/Documents/AGSTU/HW_SW/VGA_IP/vga_ip.vhd Line: 19
    Warning (13410): Pin "dout[29]" is stuck at GND File: C:/Users/ashra/Documents/AGSTU/HW_SW/VGA_IP/vga_ip.vhd Line: 19
    Warning (13410): Pin "dout[30]" is stuck at GND File: C:/Users/ashra/Documents/AGSTU/HW_SW/VGA_IP/vga_ip.vhd Line: 19
    Warning (13410): Pin "dout[31]" is stuck at GND File: C:/Users/ashra/Documents/AGSTU/HW_SW/VGA_IP/vga_ip.vhd Line: 19
Info (286030): Timing-Driven Synthesis is running
Info (16010): Generating hard_block partition "hard_block:auto_generated_inst"
    Info (16011): Adding 0 node(s), including 0 DDIO, 0 PLL, 0 transceiver and 0 LCELL
Warning (21074): Design contains 30 input pin(s) that do not drive logic
    Warning (15610): No output dependent on input pin "read_n" File: C:/Users/ashra/Documents/AGSTU/HW_SW/VGA_IP/vga_ip.vhd Line: 16
    Warning (15610): No output dependent on input pin "din[3]" File: C:/Users/ashra/Documents/AGSTU/HW_SW/VGA_IP/vga_ip.vhd Line: 18
    Warning (15610): No output dependent on input pin "din[4]" File: C:/Users/ashra/Documents/AGSTU/HW_SW/VGA_IP/vga_ip.vhd Line: 18
    Warning (15610): No output dependent on input pin "din[5]" File: C:/Users/ashra/Documents/AGSTU/HW_SW/VGA_IP/vga_ip.vhd Line: 18
    Warning (15610): No output dependent on input pin "din[6]" File: C:/Users/ashra/Documents/AGSTU/HW_SW/VGA_IP/vga_ip.vhd Line: 18
    Warning (15610): No output dependent on input pin "din[7]" File: C:/Users/ashra/Documents/AGSTU/HW_SW/VGA_IP/vga_ip.vhd Line: 18
    Warning (15610): No output dependent on input pin "din[8]" File: C:/Users/ashra/Documents/AGSTU/HW_SW/VGA_IP/vga_ip.vhd Line: 18
    Warning (15610): No output dependent on input pin "din[9]" File: C:/Users/ashra/Documents/AGSTU/HW_SW/VGA_IP/vga_ip.vhd Line: 18
    Warning (15610): No output dependent on input pin "din[10]" File: C:/Users/ashra/Documents/AGSTU/HW_SW/VGA_IP/vga_ip.vhd Line: 18
    Warning (15610): No output dependent on input pin "din[11]" File: C:/Users/ashra/Documents/AGSTU/HW_SW/VGA_IP/vga_ip.vhd Line: 18
    Warning (15610): No output dependent on input pin "din[12]" File: C:/Users/ashra/Documents/AGSTU/HW_SW/VGA_IP/vga_ip.vhd Line: 18
    Warning (15610): No output dependent on input pin "din[13]" File: C:/Users/ashra/Documents/AGSTU/HW_SW/VGA_IP/vga_ip.vhd Line: 18
    Warning (15610): No output dependent on input pin "din[14]" File: C:/Users/ashra/Documents/AGSTU/HW_SW/VGA_IP/vga_ip.vhd Line: 18
    Warning (15610): No output dependent on input pin "din[15]" File: C:/Users/ashra/Documents/AGSTU/HW_SW/VGA_IP/vga_ip.vhd Line: 18
    Warning (15610): No output dependent on input pin "din[16]" File: C:/Users/ashra/Documents/AGSTU/HW_SW/VGA_IP/vga_ip.vhd Line: 18
    Warning (15610): No output dependent on input pin "din[17]" File: C:/Users/ashra/Documents/AGSTU/HW_SW/VGA_IP/vga_ip.vhd Line: 18
    Warning (15610): No output dependent on input pin "din[18]" File: C:/Users/ashra/Documents/AGSTU/HW_SW/VGA_IP/vga_ip.vhd Line: 18
    Warning (15610): No output dependent on input pin "din[19]" File: C:/Users/ashra/Documents/AGSTU/HW_SW/VGA_IP/vga_ip.vhd Line: 18
    Warning (15610): No output dependent on input pin "din[20]" File: C:/Users/ashra/Documents/AGSTU/HW_SW/VGA_IP/vga_ip.vhd Line: 18
    Warning (15610): No output dependent on input pin "din[21]" File: C:/Users/ashra/Documents/AGSTU/HW_SW/VGA_IP/vga_ip.vhd Line: 18
    Warning (15610): No output dependent on input pin "din[22]" File: C:/Users/ashra/Documents/AGSTU/HW_SW/VGA_IP/vga_ip.vhd Line: 18
    Warning (15610): No output dependent on input pin "din[23]" File: C:/Users/ashra/Documents/AGSTU/HW_SW/VGA_IP/vga_ip.vhd Line: 18
    Warning (15610): No output dependent on input pin "din[24]" File: C:/Users/ashra/Documents/AGSTU/HW_SW/VGA_IP/vga_ip.vhd Line: 18
    Warning (15610): No output dependent on input pin "din[25]" File: C:/Users/ashra/Documents/AGSTU/HW_SW/VGA_IP/vga_ip.vhd Line: 18
    Warning (15610): No output dependent on input pin "din[26]" File: C:/Users/ashra/Documents/AGSTU/HW_SW/VGA_IP/vga_ip.vhd Line: 18
    Warning (15610): No output dependent on input pin "din[27]" File: C:/Users/ashra/Documents/AGSTU/HW_SW/VGA_IP/vga_ip.vhd Line: 18
    Warning (15610): No output dependent on input pin "din[28]" File: C:/Users/ashra/Documents/AGSTU/HW_SW/VGA_IP/vga_ip.vhd Line: 18
    Warning (15610): No output dependent on input pin "din[29]" File: C:/Users/ashra/Documents/AGSTU/HW_SW/VGA_IP/vga_ip.vhd Line: 18
    Warning (15610): No output dependent on input pin "din[30]" File: C:/Users/ashra/Documents/AGSTU/HW_SW/VGA_IP/vga_ip.vhd Line: 18
    Warning (15610): No output dependent on input pin "din[31]" File: C:/Users/ashra/Documents/AGSTU/HW_SW/VGA_IP/vga_ip.vhd Line: 18
Info (21057): Implemented 275 device resources after synthesis - the final resource count might be different
    Info (21058): Implemented 55 input pins
    Info (21059): Implemented 46 output pins
    Info (21061): Implemented 144 logic cells
    Info (21064): Implemented 30 RAM segments
Info: Quartus Prime Analysis & Synthesis was successful. 0 errors, 64 warnings
    Info: Peak virtual memory: 4800 megabytes
    Info: Processing ended: Sun May 02 01:46:25 2021
    Info: Elapsed time: 00:00:11
    Info: Total CPU time (on all processors): 00:00:21


